Build started 11.11.2018 21:39:18.
     1>Project "C:\Users\USER\Desktop\КУРСОВАЯ ВМ\ДРЯБКОВ - 4\Курсовая\Курсовая.vcxproj" on node 2 (build target(s)).
     1>InitializeBuildStatus:
         Creating "Debug\Курсовая.unsuccessfulbuild" because "AlwaysCreate" was specified.
       ClCompile:
         All outputs are up-to-date.
         c:\WORK SPACE\VS2010\VC\bin\CL.exe /c /ZI /nologo /W3 /WX- /Od /Oy- /D WIN32 /D _DEBUG /D _WINDOWS /D _UNICODE /D UNICODE /Gm /EHsc /RTC1 /MDd /GS /fp:precise /Zc:wchar_t /Zc:forScope /Yu"StdAfx.h" /Fp"Debug\Курсовая.pch" /Fo"Debug\\" /Fd"Debug\vc100.pdb" /Gd /TP /analyze- /errorReport:prompt "Курсовая.cpp"
         Курсовая.cpp
     1>c:\users\user\desktop\курсовая вм\дрябков - 4\курсовая\reshenie.h(20): warning C4996: 'swprintf': swprintf has been changed to conform with the ISO C standard, adding an extra character count parameter. To use traditional Microsoft swprintf, set _CRT_NON_CONFORMING_SWPRINTFS.
                 c:\work space\vs2010\vc\include\swprintf.inl(85) : see declaration of 'swprintf'
     1>c:\users\user\desktop\курсовая вм\дрябков - 4\курсовая\reshenie.h(29): warning C4996: 'swprintf': swprintf has been changed to conform with the ISO C standard, adding an extra character count parameter. To use traditional Microsoft swprintf, set _CRT_NON_CONFORMING_SWPRINTFS.
                 c:\work space\vs2010\vc\include\swprintf.inl(85) : see declaration of 'swprintf'
     1>c:\users\user\desktop\курсовая вм\дрябков - 4\курсовая\reshenie.h(15): warning C4101: 'k2' : unreferenced local variable
     1>c:\users\user\desktop\курсовая вм\дрябков - 4\курсовая\reshenie.h(15): warning C4101: 'k1' : unreferenced local variable
     1>c:\users\user\desktop\курсовая вм\дрябков - 4\курсовая\reshenie.h(56): warning C4996: 'swprintf': swprintf has been changed to conform with the ISO C standard, adding an extra character count parameter. To use traditional Microsoft swprintf, set _CRT_NON_CONFORMING_SWPRINTFS.
                 c:\work space\vs2010\vc\include\swprintf.inl(85) : see declaration of 'swprintf'
     1>c:\users\user\desktop\курсовая вм\дрябков - 4\курсовая\reshenie.h(67): warning C4996: 'swprintf': swprintf has been changed to conform with the ISO C standard, adding an extra character count parameter. To use traditional Microsoft swprintf, set _CRT_NON_CONFORMING_SWPRINTFS.
                 c:\work space\vs2010\vc\include\swprintf.inl(85) : see declaration of 'swprintf'
     1>c:\users\user\desktop\курсовая вм\дрябков - 4\курсовая\reshenie.h(71): warning C4996: 'swprintf': swprintf has been changed to conform with the ISO C standard, adding an extra character count parameter. To use traditional Microsoft swprintf, set _CRT_NON_CONFORMING_SWPRINTFS.
                 c:\work space\vs2010\vc\include\swprintf.inl(85) : see declaration of 'swprintf'
     1>c:\users\user\desktop\курсовая вм\дрябков - 4\курсовая\text.h(35): warning C4244: 'argument' : conversion from 'double' to 'int', possible loss of data
     1>c:\users\user\desktop\курсовая вм\дрябков - 4\курсовая\text.h(36): warning C4244: 'argument' : conversion from 'double' to 'int', possible loss of data
     1>c:\users\user\desktop\курсовая вм\дрябков - 4\курсовая\text.h(36): warning C4244: 'argument' : conversion from 'double' to 'int', possible loss of data
     1>c:\users\user\desktop\курсовая вм\дрябков - 4\курсовая\text.h(10): warning C4101: 'ps' : unreferenced local variable
       ResourceCompile:
         All outputs are up-to-date.
       ManifestResourceCompile:
         All outputs are up-to-date.
       Link:
         c:\WORK SPACE\VS2010\VC\bin\link.exe /ERRORREPORT:PROMPT /OUT:"C:\Users\USER\Desktop\КУРСОВАЯ ВМ\ДРЯБКОВ - 4\Курсовая\Debug\Курсовая.exe" /INCREMENTAL /NOLOGO kernel32.lib user32.lib gdi32.lib winspool.lib comdlg32.lib advapi32.lib shell32.lib ole32.lib oleaut32.lib uuid.lib odbc32.lib odbccp32.lib /MANIFEST /ManifestFile:"Debug\Курсовая.exe.intermediate.manifest" /MANIFESTUAC:"level='asInvoker' uiAccess='false'" /DEBUG /PDB:"C:\Users\USER\Desktop\КУРСОВАЯ ВМ\ДРЯБКОВ - 4\Курсовая\Debug\Курсовая.pdb" /SUBSYSTEM:WINDOWS /TLBID:1 /DYNAMICBASE /NXCOMPAT /IMPLIB:"C:\Users\USER\Desktop\КУРСОВАЯ ВМ\ДРЯБКОВ - 4\Курсовая\Debug\Курсовая.lib" /MACHINE:X86 "Debug\Курсовая.res"
         "Debug\Курсовая.exe.embed.manifest.res"
         Debug\stdafx.obj
         "Debug\Курсовая.obj"
       Manifest:
         c:\Program Files (x86)\Microsoft SDKs\Windows\v7.0A\bin\mt.exe /nologo /verbose /out:"Debug\Курсовая.exe.embed.manifest" /manifest "Debug\Курсовая.exe.intermediate.manifest"
         All outputs are up-to-date.
       LinkEmbedManifest:
         All outputs are up-to-date.
         Курсовая.vcxproj -> C:\Users\USER\Desktop\КУРСОВАЯ ВМ\ДРЯБКОВ - 4\Курсовая\Debug\Курсовая.exe
       FinalizeBuildStatus:
         Deleting file "Debug\Курсовая.unsuccessfulbuild".
         Touching "Debug\Курсовая.lastbuildstate".
     1>Done Building Project "C:\Users\USER\Desktop\КУРСОВАЯ ВМ\ДРЯБКОВ - 4\Курсовая\Курсовая.vcxproj" (build target(s)).

Build succeeded.

Time Elapsed 00:00:00.70
